$ env CFLAGS="-gline-tables-only -fno-omit-frame-pointer" CXXFLAGS="-gline-tables-only -fno-omit-frame-pointer" CC=afl-clang-lto CXX=afl-clang-lto++ LD=afl-clang-lto ./fuzz_build.sh

rm -rf obj
rm -f re2/*.pyc
afl-clang-lto++ -c -o obj/util/rune.o  -std=c++11 -pthread -Wall -Wextra -Wno-unused-parameter -Wno-missing-field-initializers -I.   -gline-tables-only -fno-omit-frame-pointer -DNDEBUG util/rune.cc
afl-clang-lto++ -c -o obj/util/strutil.o  -std=c++11 -pthread -Wall -Wextra -Wno-unused-parameter -Wno-missing-field-initializers -I.   -gline-tables-only -fno-omit-frame-pointer -DNDEBUG util/strutil.cc
afl-clang-lto++ -c -o obj/re2/bitstate.o  -std=c++11 -pthread -Wall -Wextra -Wno-unused-parameter -Wno-missing-field-initializers -I.   -gline-tables-only -fno-omit-frame-pointer -DNDEBUG re2/bitstate.cc
afl-clang-lto++ -c -o obj/re2/compile.o  -std=c++11 -pthread -Wall -Wextra -Wno-unused-parameter -Wno-missing-field-initializers -I.   -gline-tables-only -fno-omit-frame-pointer -DNDEBUG re2/compile.cc
afl-clang-lto++ -c -o obj/re2/dfa.o  -std=c++11 -pthread -Wall -Wextra -Wno-unused-parameter -Wno-missing-field-initializers -I.   -gline-tables-only -fno-omit-frame-pointer -DNDEBUG re2/dfa.cc
afl-clang-lto++ -c -o obj/re2/filtered_re2.o  -std=c++11 -pthread -Wall -Wextra -Wno-unused-parameter -Wno-missing-field-initializers -I.   -gline-tables-only -fno-omit-frame-pointer -DNDEBUG re2/filtered_re2.cc
afl-clang-lto++ -c -o obj/re2/mimics_pcre.o  -std=c++11 -pthread -Wall -Wextra -Wno-unused-parameter -Wno-missing-field-initializers -I.   -gline-tables-only -fno-omit-frame-pointer -DNDEBUG re2/mimics_pcre.cc
afl-clang-lto++ -c -o obj/re2/nfa.o  -std=c++11 -pthread -Wall -Wextra -Wno-unused-parameter -Wno-missing-field-initializers -I.   -gline-tables-only -fno-omit-frame-pointer -DNDEBUG re2/nfa.cc
afl-clang-lto++ -c -o obj/re2/onepass.o  -std=c++11 -pthread -Wall -Wextra -Wno-unused-parameter -Wno-missing-field-initializers -I.   -gline-tables-only -fno-omit-frame-pointer -DNDEBUG re2/onepass.cc
afl-clang-lto++ -c -o obj/re2/parse.o  -std=c++11 -pthread -Wall -Wextra -Wno-unused-parameter -Wno-missing-field-initializers -I.   -gline-tables-only -fno-omit-frame-pointer -DNDEBUG re2/parse.cc
afl-clang-lto++ -c -o obj/re2/perl_groups.o  -std=c++11 -pthread -Wall -Wextra -Wno-unused-parameter -Wno-missing-field-initializers -I.   -gline-tables-only -fno-omit-frame-pointer -DNDEBUG re2/perl_groups.cc
afl-clang-lto++ -c -o obj/re2/prefilter.o  -std=c++11 -pthread -Wall -Wextra -Wno-unused-parameter -Wno-missing-field-initializers -I.   -gline-tables-only -fno-omit-frame-pointer -DNDEBUG re2/prefilter.cc
afl-clang-lto++ -c -o obj/re2/prefilter_tree.o  -std=c++11 -pthread -Wall -Wextra -Wno-unused-parameter -Wno-missing-field-initializers -I.   -gline-tables-only -fno-omit-frame-pointer -DNDEBUG re2/prefilter_tree.cc
afl-clang-lto++ -c -o obj/re2/prog.o  -std=c++11 -pthread -Wall -Wextra -Wno-unused-parameter -Wno-missing-field-initializers -I.   -gline-tables-only -fno-omit-frame-pointer -DNDEBUG re2/prog.cc
afl-clang-lto++ -c -o obj/re2/re2.o  -std=c++11 -pthread -Wall -Wextra -Wno-unused-parameter -Wno-missing-field-initializers -I.   -gline-tables-only -fno-omit-frame-pointer -DNDEBUG re2/re2.cc
afl-clang-lto++ -c -o obj/re2/regexp.o  -std=c++11 -pthread -Wall -Wextra -Wno-unused-parameter -Wno-missing-field-initializers -I.   -gline-tables-only -fno-omit-frame-pointer -DNDEBUG re2/regexp.cc
afl-clang-lto++ -c -o obj/re2/set.o  -std=c++11 -pthread -Wall -Wextra -Wno-unused-parameter -Wno-missing-field-initializers -I.   -gline-tables-only -fno-omit-frame-pointer -DNDEBUG re2/set.cc
afl-clang-lto++ -c -o obj/re2/simplify.o  -std=c++11 -pthread -Wall -Wextra -Wno-unused-parameter -Wno-missing-field-initializers -I.   -gline-tables-only -fno-omit-frame-pointer -DNDEBUG re2/simplify.cc
afl-clang-lto++ -c -o obj/re2/stringpiece.o  -std=c++11 -pthread -Wall -Wextra -Wno-unused-parameter -Wno-missing-field-initializers -I.   -gline-tables-only -fno-omit-frame-pointer -DNDEBUG re2/stringpiece.cc
afl-clang-lto++ -c -o obj/re2/tostring.o  -std=c++11 -pthread -Wall -Wextra -Wno-unused-parameter -Wno-missing-field-initializers -I.   -gline-tables-only -fno-omit-frame-pointer -DNDEBUG re2/tostring.cc
afl-clang-lto++ -c -o obj/re2/unicode_casefold.o  -std=c++11 -pthread -Wall -Wextra -Wno-unused-parameter -Wno-missing-field-initializers -I.   -gline-tables-only -fno-omit-frame-pointer -DNDEBUG re2/unicode_casefold.cc
afl-clang-lto++ -c -o obj/re2/unicode_groups.o  -std=c++11 -pthread -Wall -Wextra -Wno-unused-parameter -Wno-missing-field-initializers -I.   -gline-tables-only -fno-omit-frame-pointer -DNDEBUG re2/unicode_groups.cc
re2/prog.cc:614:7: warning: variable 'total' set but not used [-Wunused-but-set-variable]
  int total = 0;
      ^
1 warning generated.
ar rv obj/libre2.a obj/util/rune.o obj/util/strutil.o obj/re2/bitstate.o obj/re2/compile.o obj/re2/dfa.o obj/re2/filtered_re2.o obj/re2/mimics_pcre.o obj/re2/nfa.o obj/re2/onepass.o obj/re2/parse.o obj/re2/perl_groups.o obj/re2/prefilter.o obj/re2/prefilter_tree.o obj/re2/prog.o obj/re2/re2.o obj/re2/regexp.o obj/re2/set.o obj/re2/simplify.o obj/re2/stringpiece.o obj/re2/tostring.o obj/re2/unicode_casefold.o obj/re2/unicode_groups.o 
ar: creating obj/libre2.a
a - obj/util/rune.o
a - obj/util/strutil.o
a - obj/re2/bitstate.o
a - obj/re2/compile.o
a - obj/re2/dfa.o
a - obj/re2/filtered_re2.o
a - obj/re2/mimics_pcre.o
a - obj/re2/nfa.o
a - obj/re2/onepass.o
a - obj/re2/parse.o
a - obj/re2/perl_groups.o
a - obj/re2/prefilter.o
a - obj/re2/prefilter_tree.o
a - obj/re2/prog.o
a - obj/re2/re2.o
a - obj/re2/regexp.o
a - obj/re2/set.o
a - obj/re2/simplify.o
a - obj/re2/stringpiece.o
a - obj/re2/tostring.o
a - obj/re2/unicode_casefold.o
a - obj/re2/unicode_groups.o



$ env CFLAGS="-gline-tables-only -fno-omit-frame-pointer" CXXFLAGS="-gline-tables-only -fno-omit-frame-pointer" AFL_LLVM_LAF_ALL=1 CC=afl-clang-lto CXX=afl-clang-lto++ LD=afl-clang-lto ./fuzz_build.sh

rm -rf obj
rm -f re2/*.pyc
afl-clang-lto++ -c -o obj/util/rune.o  -std=c++11 -pthread -Wall -Wextra -Wno-unused-parameter -Wno-missing-field-initializers -I.   -gline-tables-only -fno-omit-frame-pointer -DNDEBUG util/rune.cc
afl-clang-lto++ -c -o obj/util/strutil.o  -std=c++11 -pthread -Wall -Wextra -Wno-unused-parameter -Wno-missing-field-initializers -I.   -gline-tables-only -fno-omit-frame-pointer -DNDEBUG util/strutil.cc
afl-clang-lto++ -c -o obj/re2/bitstate.o  -std=c++11 -pthread -Wall -Wextra -Wno-unused-parameter -Wno-missing-field-initializers -I.   -gline-tables-only -fno-omit-frame-pointer -DNDEBUG re2/bitstate.cc
afl-clang-lto++ -c -o obj/re2/compile.o  -std=c++11 -pthread -Wall -Wextra -Wno-unused-parameter -Wno-missing-field-initializers -I.   -gline-tables-only -fno-omit-frame-pointer -DNDEBUG re2/compile.cc
afl-clang-lto++ -c -o obj/re2/dfa.o  -std=c++11 -pthread -Wall -Wextra -Wno-unused-parameter -Wno-missing-field-initializers -I.   -gline-tables-only -fno-omit-frame-pointer -DNDEBUG re2/dfa.cc
afl-clang-lto++ -c -o obj/re2/filtered_re2.o  -std=c++11 -pthread -Wall -Wextra -Wno-unused-parameter -Wno-missing-field-initializers -I.   -gline-tables-only -fno-omit-frame-pointer -DNDEBUG re2/filtered_re2.cc
afl-clang-lto++ -c -o obj/re2/mimics_pcre.o  -std=c++11 -pthread -Wall -Wextra -Wno-unused-parameter -Wno-missing-field-initializers -I.   -gline-tables-only -fno-omit-frame-pointer -DNDEBUG re2/mimics_pcre.cc
afl-clang-lto++ -c -o obj/re2/nfa.o  -std=c++11 -pthread -Wall -Wextra -Wno-unused-parameter -Wno-missing-field-initializers -I.   -gline-tables-only -fno-omit-frame-pointer -DNDEBUG re2/nfa.cc
afl-clang-lto++ -c -o obj/re2/onepass.o  -std=c++11 -pthread -Wall -Wextra -Wno-unused-parameter -Wno-missing-field-initializers -I.   -gline-tables-only -fno-omit-frame-pointer -DNDEBUG re2/onepass.cc
afl-clang-lto++ -c -o obj/re2/parse.o  -std=c++11 -pthread -Wall -Wextra -Wno-unused-parameter -Wno-missing-field-initializers -I.   -gline-tables-only -fno-omit-frame-pointer -DNDEBUG re2/parse.cc
afl-clang-lto++ -c -o obj/re2/perl_groups.o  -std=c++11 -pthread -Wall -Wextra -Wno-unused-parameter -Wno-missing-field-initializers -I.   -gline-tables-only -fno-omit-frame-pointer -DNDEBUG re2/perl_groups.cc
afl-clang-lto++ -c -o obj/re2/prefilter.o  -std=c++11 -pthread -Wall -Wextra -Wno-unused-parameter -Wno-missing-field-initializers -I.   -gline-tables-only -fno-omit-frame-pointer -DNDEBUG re2/prefilter.cc
afl-clang-lto++ -c -o obj/re2/prefilter_tree.o  -std=c++11 -pthread -Wall -Wextra -Wno-unused-parameter -Wno-missing-field-initializers -I.   -gline-tables-only -fno-omit-frame-pointer -DNDEBUG re2/prefilter_tree.cc
afl-clang-lto++ -c -o obj/re2/prog.o  -std=c++11 -pthread -Wall -Wextra -Wno-unused-parameter -Wno-missing-field-initializers -I.   -gline-tables-only -fno-omit-frame-pointer -DNDEBUG re2/prog.cc
afl-clang-lto++ -c -o obj/re2/re2.o  -std=c++11 -pthread -Wall -Wextra -Wno-unused-parameter -Wno-missing-field-initializers -I.   -gline-tables-only -fno-omit-frame-pointer -DNDEBUG re2/re2.cc
afl-clang-lto++ -c -o obj/re2/regexp.o  -std=c++11 -pthread -Wall -Wextra -Wno-unused-parameter -Wno-missing-field-initializers -I.   -gline-tables-only -fno-omit-frame-pointer -DNDEBUG re2/regexp.cc
afl-clang-lto++ -c -o obj/re2/set.o  -std=c++11 -pthread -Wall -Wextra -Wno-unused-parameter -Wno-missing-field-initializers -I.   -gline-tables-only -fno-omit-frame-pointer -DNDEBUG re2/set.cc
afl-clang-lto++ -c -o obj/re2/simplify.o  -std=c++11 -pthread -Wall -Wextra -Wno-unused-parameter -Wno-missing-field-initializers -I.   -gline-tables-only -fno-omit-frame-pointer -DNDEBUG re2/simplify.cc
afl-clang-lto++ -c -o obj/re2/stringpiece.o  -std=c++11 -pthread -Wall -Wextra -Wno-unused-parameter -Wno-missing-field-initializers -I.   -gline-tables-only -fno-omit-frame-pointer -DNDEBUG re2/stringpiece.cc
afl-clang-lto++ -c -o obj/re2/tostring.o  -std=c++11 -pthread -Wall -Wextra -Wno-unused-parameter -Wno-missing-field-initializers -I.   -gline-tables-only -fno-omit-frame-pointer -DNDEBUG re2/tostring.cc
afl-clang-lto++ -c -o obj/re2/unicode_casefold.o  -std=c++11 -pthread -Wall -Wextra -Wno-unused-parameter -Wno-missing-field-initializers -I.   -gline-tables-only -fno-omit-frame-pointer -DNDEBUG re2/unicode_casefold.cc
afl-clang-lto++ -c -o obj/re2/unicode_groups.o  -std=c++11 -pthread -Wall -Wextra -Wno-unused-parameter -Wno-missing-field-initializers -I.   -gline-tables-only -fno-omit-frame-pointer -DNDEBUG re2/unicode_groups.cc
re2/prog.cc:614:7: warning: variable 'total' set but not used [-Wunused-but-set-variable]
  int total = 0;
      ^
1 warning generated.
ar rv obj/libre2.a obj/util/rune.o obj/util/strutil.o obj/re2/bitstate.o obj/re2/compile.o obj/re2/dfa.o obj/re2/filtered_re2.o obj/re2/mimics_pcre.o obj/re2/nfa.o obj/re2/onepass.o obj/re2/parse.o obj/re2/perl_groups.o obj/re2/prefilter.o obj/re2/prefilter_tree.o obj/re2/prog.o obj/re2/re2.o obj/re2/regexp.o obj/re2/set.o obj/re2/simplify.o obj/re2/stringpiece.o obj/re2/tostring.o obj/re2/unicode_casefold.o obj/re2/unicode_groups.o 
ar: creating obj/libre2.a
a - obj/util/rune.o
a - obj/util/strutil.o
a - obj/re2/bitstate.o
a - obj/re2/compile.o
a - obj/re2/dfa.o
a - obj/re2/filtered_re2.o
a - obj/re2/mimics_pcre.o
a - obj/re2/nfa.o
a - obj/re2/onepass.o
a - obj/re2/parse.o
a - obj/re2/perl_groups.o
a - obj/re2/prefilter.o
a - obj/re2/prefilter_tree.o
a - obj/re2/prog.o
a - obj/re2/re2.o
a - obj/re2/regexp.o
a - obj/re2/set.o
a - obj/re2/simplify.o
a - obj/re2/stringpiece.o
a - obj/re2/tostring.o
a - obj/re2/unicode_casefold.o
a - obj/re2/unicode_groups.o



$ env CFLAGS="-gline-tables-only -fno-omit-frame-pointer" CXXFLAGS="-gline-tables-only -fno-omit-frame-pointer" AFL_USE_CMPLOG=1 CC=afl-clang-lto CXX=afl-clang-lto++ LD=afl-clang-lto ./fuzz_build.sh

rm -rf obj
rm -f re2/*.pyc
afl-clang-lto++ -c -o obj/util/rune.o  -std=c++11 -pthread -Wall -Wextra -Wno-unused-parameter -Wno-missing-field-initializers -I.   -gline-tables-only -fno-omit-frame-pointer -DNDEBUG util/rune.cc
afl-clang-lto++ -c -o obj/util/strutil.o  -std=c++11 -pthread -Wall -Wextra -Wno-unused-parameter -Wno-missing-field-initializers -I.   -gline-tables-only -fno-omit-frame-pointer -DNDEBUG util/strutil.cc
afl-clang-lto++ -c -o obj/re2/bitstate.o  -std=c++11 -pthread -Wall -Wextra -Wno-unused-parameter -Wno-missing-field-initializers -I.   -gline-tables-only -fno-omit-frame-pointer -DNDEBUG re2/bitstate.cc
afl-clang-lto++ -c -o obj/re2/compile.o  -std=c++11 -pthread -Wall -Wextra -Wno-unused-parameter -Wno-missing-field-initializers -I.   -gline-tables-only -fno-omit-frame-pointer -DNDEBUG re2/compile.cc
afl-clang-lto++ -c -o obj/re2/dfa.o  -std=c++11 -pthread -Wall -Wextra -Wno-unused-parameter -Wno-missing-field-initializers -I.   -gline-tables-only -fno-omit-frame-pointer -DNDEBUG re2/dfa.cc
afl-clang-lto++ -c -o obj/re2/filtered_re2.o  -std=c++11 -pthread -Wall -Wextra -Wno-unused-parameter -Wno-missing-field-initializers -I.   -gline-tables-only -fno-omit-frame-pointer -DNDEBUG re2/filtered_re2.cc
afl-clang-lto++ -c -o obj/re2/mimics_pcre.o  -std=c++11 -pthread -Wall -Wextra -Wno-unused-parameter -Wno-missing-field-initializers -I.   -gline-tables-only -fno-omit-frame-pointer -DNDEBUG re2/mimics_pcre.cc
afl-clang-lto++ -c -o obj/re2/nfa.o  -std=c++11 -pthread -Wall -Wextra -Wno-unused-parameter -Wno-missing-field-initializers -I.   -gline-tables-only -fno-omit-frame-pointer -DNDEBUG re2/nfa.cc
afl-clang-lto++ -c -o obj/re2/onepass.o  -std=c++11 -pthread -Wall -Wextra -Wno-unused-parameter -Wno-missing-field-initializers -I.   -gline-tables-only -fno-omit-frame-pointer -DNDEBUG re2/onepass.cc
afl-clang-lto++ -c -o obj/re2/parse.o  -std=c++11 -pthread -Wall -Wextra -Wno-unused-parameter -Wno-missing-field-initializers -I.   -gline-tables-only -fno-omit-frame-pointer -DNDEBUG re2/parse.cc
afl-clang-lto++ -c -o obj/re2/perl_groups.o  -std=c++11 -pthread -Wall -Wextra -Wno-unused-parameter -Wno-missing-field-initializers -I.   -gline-tables-only -fno-omit-frame-pointer -DNDEBUG re2/perl_groups.cc
afl-clang-lto++ -c -o obj/re2/prefilter.o  -std=c++11 -pthread -Wall -Wextra -Wno-unused-parameter -Wno-missing-field-initializers -I.   -gline-tables-only -fno-omit-frame-pointer -DNDEBUG re2/prefilter.cc
afl-clang-lto++ -c -o obj/re2/prefilter_tree.o  -std=c++11 -pthread -Wall -Wextra -Wno-unused-parameter -Wno-missing-field-initializers -I.   -gline-tables-only -fno-omit-frame-pointer -DNDEBUG re2/prefilter_tree.cc
afl-clang-lto++ -c -o obj/re2/prog.o  -std=c++11 -pthread -Wall -Wextra -Wno-unused-parameter -Wno-missing-field-initializers -I.   -gline-tables-only -fno-omit-frame-pointer -DNDEBUG re2/prog.cc
afl-clang-lto++ -c -o obj/re2/re2.o  -std=c++11 -pthread -Wall -Wextra -Wno-unused-parameter -Wno-missing-field-initializers -I.   -gline-tables-only -fno-omit-frame-pointer -DNDEBUG re2/re2.cc
afl-clang-lto++ -c -o obj/re2/regexp.o  -std=c++11 -pthread -Wall -Wextra -Wno-unused-parameter -Wno-missing-field-initializers -I.   -gline-tables-only -fno-omit-frame-pointer -DNDEBUG re2/regexp.cc
afl-clang-lto++ -c -o obj/re2/set.o  -std=c++11 -pthread -Wall -Wextra -Wno-unused-parameter -Wno-missing-field-initializers -I.   -gline-tables-only -fno-omit-frame-pointer -DNDEBUG re2/set.cc
afl-clang-lto++ -c -o obj/re2/simplify.o  -std=c++11 -pthread -Wall -Wextra -Wno-unused-parameter -Wno-missing-field-initializers -I.   -gline-tables-only -fno-omit-frame-pointer -DNDEBUG re2/simplify.cc
afl-clang-lto++ -c -o obj/re2/stringpiece.o  -std=c++11 -pthread -Wall -Wextra -Wno-unused-parameter -Wno-missing-field-initializers -I.   -gline-tables-only -fno-omit-frame-pointer -DNDEBUG re2/stringpiece.cc
afl-clang-lto++ -c -o obj/re2/tostring.o  -std=c++11 -pthread -Wall -Wextra -Wno-unused-parameter -Wno-missing-field-initializers -I.   -gline-tables-only -fno-omit-frame-pointer -DNDEBUG re2/tostring.cc
afl-clang-lto++ -c -o obj/re2/unicode_casefold.o  -std=c++11 -pthread -Wall -Wextra -Wno-unused-parameter -Wno-missing-field-initializers -I.   -gline-tables-only -fno-omit-frame-pointer -DNDEBUG re2/unicode_casefold.cc
afl-clang-lto++ -c -o obj/re2/unicode_groups.o  -std=c++11 -pthread -Wall -Wextra -Wno-unused-parameter -Wno-missing-field-initializers -I.   -gline-tables-only -fno-omit-frame-pointer -DNDEBUG re2/unicode_groups.cc
re2/prog.cc:614:7: warning: variable 'total' set but not used [-Wunused-but-set-variable]
  int total = 0;
      ^
1 warning generated.
ar rv obj/libre2.a obj/util/rune.o obj/util/strutil.o obj/re2/bitstate.o obj/re2/compile.o obj/re2/dfa.o obj/re2/filtered_re2.o obj/re2/mimics_pcre.o obj/re2/nfa.o obj/re2/onepass.o obj/re2/parse.o obj/re2/perl_groups.o obj/re2/prefilter.o obj/re2/prefilter_tree.o obj/re2/prog.o obj/re2/re2.o obj/re2/regexp.o obj/re2/set.o obj/re2/simplify.o obj/re2/stringpiece.o obj/re2/tostring.o obj/re2/unicode_casefold.o obj/re2/unicode_groups.o 
ar: creating obj/libre2.a
a - obj/util/rune.o
a - obj/util/strutil.o
a - obj/re2/bitstate.o
a - obj/re2/compile.o
a - obj/re2/dfa.o
a - obj/re2/filtered_re2.o
a - obj/re2/mimics_pcre.o
a - obj/re2/nfa.o
a - obj/re2/onepass.o
a - obj/re2/parse.o
a - obj/re2/perl_groups.o
a - obj/re2/prefilter.o
a - obj/re2/prefilter_tree.o
a - obj/re2/prog.o
a - obj/re2/re2.o
a - obj/re2/regexp.o
a - obj/re2/set.o
a - obj/re2/simplify.o
a - obj/re2/stringpiece.o
a - obj/re2/tostring.o
a - obj/re2/unicode_casefold.o
a - obj/re2/unicode_groups.o



$ env CFLAGS="-gline-tables-only -fno-omit-frame-pointer" CXXFLAGS="-gline-tables-only -fno-omit-frame-pointer" AFL_USE_ASAN=1 CC=afl-clang-lto CXX=afl-clang-lto++ LD=afl-clang-lto ./fuzz_build.sh

rm -rf obj
rm -f re2/*.pyc
afl-clang-lto++ -c -o obj/util/rune.o  -std=c++11 -pthread -Wall -Wextra -Wno-unused-parameter -Wno-missing-field-initializers -I.   -gline-tables-only -fno-omit-frame-pointer -DNDEBUG util/rune.cc
afl-clang-lto++ -c -o obj/util/strutil.o  -std=c++11 -pthread -Wall -Wextra -Wno-unused-parameter -Wno-missing-field-initializers -I.   -gline-tables-only -fno-omit-frame-pointer -DNDEBUG util/strutil.cc
afl-clang-lto++ -c -o obj/re2/bitstate.o  -std=c++11 -pthread -Wall -Wextra -Wno-unused-parameter -Wno-missing-field-initializers -I.   -gline-tables-only -fno-omit-frame-pointer -DNDEBUG re2/bitstate.cc
afl-clang-lto++ -c -o obj/re2/compile.o  -std=c++11 -pthread -Wall -Wextra -Wno-unused-parameter -Wno-missing-field-initializers -I.   -gline-tables-only -fno-omit-frame-pointer -DNDEBUG re2/compile.cc
afl-clang-lto++ -c -o obj/re2/dfa.o  -std=c++11 -pthread -Wall -Wextra -Wno-unused-parameter -Wno-missing-field-initializers -I.   -gline-tables-only -fno-omit-frame-pointer -DNDEBUG re2/dfa.cc
afl-clang-lto++ -c -o obj/re2/filtered_re2.o  -std=c++11 -pthread -Wall -Wextra -Wno-unused-parameter -Wno-missing-field-initializers -I.   -gline-tables-only -fno-omit-frame-pointer -DNDEBUG re2/filtered_re2.cc
afl-clang-lto++ -c -o obj/re2/mimics_pcre.o  -std=c++11 -pthread -Wall -Wextra -Wno-unused-parameter -Wno-missing-field-initializers -I.   -gline-tables-only -fno-omit-frame-pointer -DNDEBUG re2/mimics_pcre.cc
afl-clang-lto++ -c -o obj/re2/nfa.o  -std=c++11 -pthread -Wall -Wextra -Wno-unused-parameter -Wno-missing-field-initializers -I.   -gline-tables-only -fno-omit-frame-pointer -DNDEBUG re2/nfa.cc
afl-clang-lto++ -c -o obj/re2/onepass.o  -std=c++11 -pthread -Wall -Wextra -Wno-unused-parameter -Wno-missing-field-initializers -I.   -gline-tables-only -fno-omit-frame-pointer -DNDEBUG re2/onepass.cc
afl-clang-lto++ -c -o obj/re2/parse.o  -std=c++11 -pthread -Wall -Wextra -Wno-unused-parameter -Wno-missing-field-initializers -I.   -gline-tables-only -fno-omit-frame-pointer -DNDEBUG re2/parse.cc
afl-clang-lto++ -c -o obj/re2/perl_groups.o  -std=c++11 -pthread -Wall -Wextra -Wno-unused-parameter -Wno-missing-field-initializers -I.   -gline-tables-only -fno-omit-frame-pointer -DNDEBUG re2/perl_groups.cc
afl-clang-lto++ -c -o obj/re2/prefilter.o  -std=c++11 -pthread -Wall -Wextra -Wno-unused-parameter -Wno-missing-field-initializers -I.   -gline-tables-only -fno-omit-frame-pointer -DNDEBUG re2/prefilter.cc
afl-clang-lto++ -c -o obj/re2/prefilter_tree.o  -std=c++11 -pthread -Wall -Wextra -Wno-unused-parameter -Wno-missing-field-initializers -I.   -gline-tables-only -fno-omit-frame-pointer -DNDEBUG re2/prefilter_tree.cc
afl-clang-lto++ -c -o obj/re2/prog.o  -std=c++11 -pthread -Wall -Wextra -Wno-unused-parameter -Wno-missing-field-initializers -I.   -gline-tables-only -fno-omit-frame-pointer -DNDEBUG re2/prog.cc
afl-clang-lto++ -c -o obj/re2/re2.o  -std=c++11 -pthread -Wall -Wextra -Wno-unused-parameter -Wno-missing-field-initializers -I.   -gline-tables-only -fno-omit-frame-pointer -DNDEBUG re2/re2.cc
afl-clang-lto++ -c -o obj/re2/regexp.o  -std=c++11 -pthread -Wall -Wextra -Wno-unused-parameter -Wno-missing-field-initializers -I.   -gline-tables-only -fno-omit-frame-pointer -DNDEBUG re2/regexp.cc
afl-clang-lto++ -c -o obj/re2/set.o  -std=c++11 -pthread -Wall -Wextra -Wno-unused-parameter -Wno-missing-field-initializers -I.   -gline-tables-only -fno-omit-frame-pointer -DNDEBUG re2/set.cc
afl-clang-lto++ -c -o obj/re2/simplify.o  -std=c++11 -pthread -Wall -Wextra -Wno-unused-parameter -Wno-missing-field-initializers -I.   -gline-tables-only -fno-omit-frame-pointer -DNDEBUG re2/simplify.cc
afl-clang-lto++ -c -o obj/re2/stringpiece.o  -std=c++11 -pthread -Wall -Wextra -Wno-unused-parameter -Wno-missing-field-initializers -I.   -gline-tables-only -fno-omit-frame-pointer -DNDEBUG re2/stringpiece.cc
afl-clang-lto++ -c -o obj/re2/tostring.o  -std=c++11 -pthread -Wall -Wextra -Wno-unused-parameter -Wno-missing-field-initializers -I.   -gline-tables-only -fno-omit-frame-pointer -DNDEBUG re2/tostring.cc
afl-clang-lto++ -c -o obj/re2/unicode_casefold.o  -std=c++11 -pthread -Wall -Wextra -Wno-unused-parameter -Wno-missing-field-initializers -I.   -gline-tables-only -fno-omit-frame-pointer -DNDEBUG re2/unicode_casefold.cc
afl-clang-lto++ -c -o obj/re2/unicode_groups.o  -std=c++11 -pthread -Wall -Wextra -Wno-unused-parameter -Wno-missing-field-initializers -I.   -gline-tables-only -fno-omit-frame-pointer -DNDEBUG re2/unicode_groups.cc
re2/prog.cc:614:7: warning: variable 'total' set but not used [-Wunused-but-set-variable]
  int total = 0;
      ^
1 warning generated.
ar rv obj/libre2.a obj/util/rune.o obj/util/strutil.o obj/re2/bitstate.o obj/re2/compile.o obj/re2/dfa.o obj/re2/filtered_re2.o obj/re2/mimics_pcre.o obj/re2/nfa.o obj/re2/onepass.o obj/re2/parse.o obj/re2/perl_groups.o obj/re2/prefilter.o obj/re2/prefilter_tree.o obj/re2/prog.o obj/re2/re2.o obj/re2/regexp.o obj/re2/set.o obj/re2/simplify.o obj/re2/stringpiece.o obj/re2/tostring.o obj/re2/unicode_casefold.o obj/re2/unicode_groups.o 
ar: creating obj/libre2.a
a - obj/util/rune.o
a - obj/util/strutil.o
a - obj/re2/bitstate.o
a - obj/re2/compile.o
a - obj/re2/dfa.o
a - obj/re2/filtered_re2.o
a - obj/re2/mimics_pcre.o
a - obj/re2/nfa.o
a - obj/re2/onepass.o
a - obj/re2/parse.o
a - obj/re2/perl_groups.o
a - obj/re2/prefilter.o
a - obj/re2/prefilter_tree.o
a - obj/re2/prog.o
a - obj/re2/re2.o
a - obj/re2/regexp.o
a - obj/re2/set.o
a - obj/re2/simplify.o
a - obj/re2/stringpiece.o
a - obj/re2/tostring.o
a - obj/re2/unicode_casefold.o
a - obj/re2/unicode_groups.o



$ env CFLAGS="-gline-tables-only -fno-omit-frame-pointer" CXXFLAGS="-gline-tables-only -fno-omit-frame-pointer" AFL_USE_UBSAN=1 CC=afl-clang-lto CXX=afl-clang-lto++ LD=afl-clang-lto ./fuzz_build.sh

rm -rf obj
rm -f re2/*.pyc
afl-clang-lto++ -c -o obj/util/rune.o  -std=c++11 -pthread -Wall -Wextra -Wno-unused-parameter -Wno-missing-field-initializers -I.   -gline-tables-only -fno-omit-frame-pointer -DNDEBUG util/rune.cc
afl-clang-lto++ -c -o obj/util/strutil.o  -std=c++11 -pthread -Wall -Wextra -Wno-unused-parameter -Wno-missing-field-initializers -I.   -gline-tables-only -fno-omit-frame-pointer -DNDEBUG util/strutil.cc
afl-clang-lto++ -c -o obj/re2/bitstate.o  -std=c++11 -pthread -Wall -Wextra -Wno-unused-parameter -Wno-missing-field-initializers -I.   -gline-tables-only -fno-omit-frame-pointer -DNDEBUG re2/bitstate.cc
afl-clang-lto++ -c -o obj/re2/compile.o  -std=c++11 -pthread -Wall -Wextra -Wno-unused-parameter -Wno-missing-field-initializers -I.   -gline-tables-only -fno-omit-frame-pointer -DNDEBUG re2/compile.cc
afl-clang-lto++ -c -o obj/re2/dfa.o  -std=c++11 -pthread -Wall -Wextra -Wno-unused-parameter -Wno-missing-field-initializers -I.   -gline-tables-only -fno-omit-frame-pointer -DNDEBUG re2/dfa.cc
afl-clang-lto++ -c -o obj/re2/filtered_re2.o  -std=c++11 -pthread -Wall -Wextra -Wno-unused-parameter -Wno-missing-field-initializers -I.   -gline-tables-only -fno-omit-frame-pointer -DNDEBUG re2/filtered_re2.cc
afl-clang-lto++ -c -o obj/re2/mimics_pcre.o  -std=c++11 -pthread -Wall -Wextra -Wno-unused-parameter -Wno-missing-field-initializers -I.   -gline-tables-only -fno-omit-frame-pointer -DNDEBUG re2/mimics_pcre.cc
afl-clang-lto++ -c -o obj/re2/onepass.o  -std=c++11 -pthread -Wall -Wextra -Wno-unused-parameter -Wno-missing-field-initializers -I.   -gline-tables-only -fno-omit-frame-pointer -DNDEBUG re2/onepass.cc
afl-clang-lto++ -c -o obj/re2/nfa.o  -std=c++11 -pthread -Wall -Wextra -Wno-unused-parameter -Wno-missing-field-initializers -I.   -gline-tables-only -fno-omit-frame-pointer -DNDEBUG re2/nfa.cc
afl-clang-lto++ -c -o obj/re2/parse.o  -std=c++11 -pthread -Wall -Wextra -Wno-unused-parameter -Wno-missing-field-initializers -I.   -gline-tables-only -fno-omit-frame-pointer -DNDEBUG re2/parse.cc
afl-clang-lto++ -c -o obj/re2/perl_groups.o  -std=c++11 -pthread -Wall -Wextra -Wno-unused-parameter -Wno-missing-field-initializers -I.   -gline-tables-only -fno-omit-frame-pointer -DNDEBUG re2/perl_groups.cc
afl-clang-lto++ -c -o obj/re2/prefilter.o  -std=c++11 -pthread -Wall -Wextra -Wno-unused-parameter -Wno-missing-field-initializers -I.   -gline-tables-only -fno-omit-frame-pointer -DNDEBUG re2/prefilter.cc
afl-clang-lto++ -c -o obj/re2/prefilter_tree.o  -std=c++11 -pthread -Wall -Wextra -Wno-unused-parameter -Wno-missing-field-initializers -I.   -gline-tables-only -fno-omit-frame-pointer -DNDEBUG re2/prefilter_tree.cc
afl-clang-lto++ -c -o obj/re2/prog.o  -std=c++11 -pthread -Wall -Wextra -Wno-unused-parameter -Wno-missing-field-initializers -I.   -gline-tables-only -fno-omit-frame-pointer -DNDEBUG re2/prog.cc
afl-clang-lto++ -c -o obj/re2/re2.o  -std=c++11 -pthread -Wall -Wextra -Wno-unused-parameter -Wno-missing-field-initializers -I.   -gline-tables-only -fno-omit-frame-pointer -DNDEBUG re2/re2.cc
afl-clang-lto++ -c -o obj/re2/regexp.o  -std=c++11 -pthread -Wall -Wextra -Wno-unused-parameter -Wno-missing-field-initializers -I.   -gline-tables-only -fno-omit-frame-pointer -DNDEBUG re2/regexp.cc
afl-clang-lto++ -c -o obj/re2/set.o  -std=c++11 -pthread -Wall -Wextra -Wno-unused-parameter -Wno-missing-field-initializers -I.   -gline-tables-only -fno-omit-frame-pointer -DNDEBUG re2/set.cc
afl-clang-lto++ -c -o obj/re2/simplify.o  -std=c++11 -pthread -Wall -Wextra -Wno-unused-parameter -Wno-missing-field-initializers -I.   -gline-tables-only -fno-omit-frame-pointer -DNDEBUG re2/simplify.cc
afl-clang-lto++ -c -o obj/re2/stringpiece.o  -std=c++11 -pthread -Wall -Wextra -Wno-unused-parameter -Wno-missing-field-initializers -I.   -gline-tables-only -fno-omit-frame-pointer -DNDEBUG re2/stringpiece.cc
afl-clang-lto++ -c -o obj/re2/tostring.o  -std=c++11 -pthread -Wall -Wextra -Wno-unused-parameter -Wno-missing-field-initializers -I.   -gline-tables-only -fno-omit-frame-pointer -DNDEBUG re2/tostring.cc
afl-clang-lto++ -c -o obj/re2/unicode_casefold.o  -std=c++11 -pthread -Wall -Wextra -Wno-unused-parameter -Wno-missing-field-initializers -I.   -gline-tables-only -fno-omit-frame-pointer -DNDEBUG re2/unicode_casefold.cc
afl-clang-lto++ -c -o obj/re2/unicode_groups.o  -std=c++11 -pthread -Wall -Wextra -Wno-unused-parameter -Wno-missing-field-initializers -I.   -gline-tables-only -fno-omit-frame-pointer -DNDEBUG re2/unicode_groups.cc
re2/prog.cc:614:7: warning: variable 'total' set but not used [-Wunused-but-set-variable]
  int total = 0;
      ^
1 warning generated.
ar rv obj/libre2.a obj/util/rune.o obj/util/strutil.o obj/re2/bitstate.o obj/re2/compile.o obj/re2/dfa.o obj/re2/filtered_re2.o obj/re2/mimics_pcre.o obj/re2/nfa.o obj/re2/onepass.o obj/re2/parse.o obj/re2/perl_groups.o obj/re2/prefilter.o obj/re2/prefilter_tree.o obj/re2/prog.o obj/re2/re2.o obj/re2/regexp.o obj/re2/set.o obj/re2/simplify.o obj/re2/stringpiece.o obj/re2/tostring.o obj/re2/unicode_casefold.o obj/re2/unicode_groups.o 
ar: creating obj/libre2.a
a - obj/util/rune.o
a - obj/util/strutil.o
a - obj/re2/bitstate.o
a - obj/re2/compile.o
a - obj/re2/dfa.o
a - obj/re2/filtered_re2.o
a - obj/re2/mimics_pcre.o
a - obj/re2/nfa.o
a - obj/re2/onepass.o
a - obj/re2/parse.o
a - obj/re2/perl_groups.o
a - obj/re2/prefilter.o
a - obj/re2/prefilter_tree.o
a - obj/re2/prog.o
a - obj/re2/re2.o
a - obj/re2/regexp.o
a - obj/re2/set.o
a - obj/re2/simplify.o
a - obj/re2/stringpiece.o
a - obj/re2/tostring.o
a - obj/re2/unicode_casefold.o
a - obj/re2/unicode_groups.o



$ env CFLAGS="-gline-tables-only -fno-omit-frame-pointer -O0 --coverage" CXXFLAGS="-gline-tables-only -fno-omit-frame-pointer -O0 --coverage" LDFLAGS=--coverage CC=afl-clang-lto CXX=afl-clang-lto++ LD=afl-clang-lto ./fuzz_build.sh

rm -rf obj
rm -f re2/*.pyc
afl-clang-lto++ -c -o obj/util/rune.o  -std=c++11 -pthread -Wall -Wextra -Wno-unused-parameter -Wno-missing-field-initializers -I.   -gline-tables-only -fno-omit-frame-pointer -O0 --coverage -DNDEBUG util/rune.cc
afl-clang-lto++ -c -o obj/util/strutil.o  -std=c++11 -pthread -Wall -Wextra -Wno-unused-parameter -Wno-missing-field-initializers -I.   -gline-tables-only -fno-omit-frame-pointer -O0 --coverage -DNDEBUG util/strutil.cc
afl-clang-lto++ -c -o obj/re2/bitstate.o  -std=c++11 -pthread -Wall -Wextra -Wno-unused-parameter -Wno-missing-field-initializers -I.   -gline-tables-only -fno-omit-frame-pointer -O0 --coverage -DNDEBUG re2/bitstate.cc
afl-clang-lto++ -c -o obj/re2/compile.o  -std=c++11 -pthread -Wall -Wextra -Wno-unused-parameter -Wno-missing-field-initializers -I.   -gline-tables-only -fno-omit-frame-pointer -O0 --coverage -DNDEBUG re2/compile.cc
afl-clang-lto++ -c -o obj/re2/dfa.o  -std=c++11 -pthread -Wall -Wextra -Wno-unused-parameter -Wno-missing-field-initializers -I.   -gline-tables-only -fno-omit-frame-pointer -O0 --coverage -DNDEBUG re2/dfa.cc
afl-clang-lto++ -c -o obj/re2/filtered_re2.o  -std=c++11 -pthread -Wall -Wextra -Wno-unused-parameter -Wno-missing-field-initializers -I.   -gline-tables-only -fno-omit-frame-pointer -O0 --coverage -DNDEBUG re2/filtered_re2.cc
afl-clang-lto++ -c -o obj/re2/mimics_pcre.o  -std=c++11 -pthread -Wall -Wextra -Wno-unused-parameter -Wno-missing-field-initializers -I.   -gline-tables-only -fno-omit-frame-pointer -O0 --coverage -DNDEBUG re2/mimics_pcre.cc
afl-clang-lto++ -c -o obj/re2/nfa.o  -std=c++11 -pthread -Wall -Wextra -Wno-unused-parameter -Wno-missing-field-initializers -I.   -gline-tables-only -fno-omit-frame-pointer -O0 --coverage -DNDEBUG re2/nfa.cc
afl-clang-lto++ -c -o obj/re2/onepass.o  -std=c++11 -pthread -Wall -Wextra -Wno-unused-parameter -Wno-missing-field-initializers -I.   -gline-tables-only -fno-omit-frame-pointer -O0 --coverage -DNDEBUG re2/onepass.cc
afl-clang-lto++ -c -o obj/re2/parse.o  -std=c++11 -pthread -Wall -Wextra -Wno-unused-parameter -Wno-missing-field-initializers -I.   -gline-tables-only -fno-omit-frame-pointer -O0 --coverage -DNDEBUG re2/parse.cc
afl-clang-lto++ -c -o obj/re2/perl_groups.o  -std=c++11 -pthread -Wall -Wextra -Wno-unused-parameter -Wno-missing-field-initializers -I.   -gline-tables-only -fno-omit-frame-pointer -O0 --coverage -DNDEBUG re2/perl_groups.cc
afl-clang-lto++ -c -o obj/re2/prefilter.o  -std=c++11 -pthread -Wall -Wextra -Wno-unused-parameter -Wno-missing-field-initializers -I.   -gline-tables-only -fno-omit-frame-pointer -O0 --coverage -DNDEBUG re2/prefilter.cc
afl-clang-lto++ -c -o obj/re2/prefilter_tree.o  -std=c++11 -pthread -Wall -Wextra -Wno-unused-parameter -Wno-missing-field-initializers -I.   -gline-tables-only -fno-omit-frame-pointer -O0 --coverage -DNDEBUG re2/prefilter_tree.cc
afl-clang-lto++ -c -o obj/re2/prog.o  -std=c++11 -pthread -Wall -Wextra -Wno-unused-parameter -Wno-missing-field-initializers -I.   -gline-tables-only -fno-omit-frame-pointer -O0 --coverage -DNDEBUG re2/prog.cc
afl-clang-lto++ -c -o obj/re2/re2.o  -std=c++11 -pthread -Wall -Wextra -Wno-unused-parameter -Wno-missing-field-initializers -I.   -gline-tables-only -fno-omit-frame-pointer -O0 --coverage -DNDEBUG re2/re2.cc
afl-clang-lto++ -c -o obj/re2/regexp.o  -std=c++11 -pthread -Wall -Wextra -Wno-unused-parameter -Wno-missing-field-initializers -I.   -gline-tables-only -fno-omit-frame-pointer -O0 --coverage -DNDEBUG re2/regexp.cc
afl-clang-lto++ -c -o obj/re2/set.o  -std=c++11 -pthread -Wall -Wextra -Wno-unused-parameter -Wno-missing-field-initializers -I.   -gline-tables-only -fno-omit-frame-pointer -O0 --coverage -DNDEBUG re2/set.cc
afl-clang-lto++ -c -o obj/re2/simplify.o  -std=c++11 -pthread -Wall -Wextra -Wno-unused-parameter -Wno-missing-field-initializers -I.   -gline-tables-only -fno-omit-frame-pointer -O0 --coverage -DNDEBUG re2/simplify.cc
afl-clang-lto++ -c -o obj/re2/stringpiece.o  -std=c++11 -pthread -Wall -Wextra -Wno-unused-parameter -Wno-missing-field-initializers -I.   -gline-tables-only -fno-omit-frame-pointer -O0 --coverage -DNDEBUG re2/stringpiece.cc
afl-clang-lto++ -c -o obj/re2/tostring.o  -std=c++11 -pthread -Wall -Wextra -Wno-unused-parameter -Wno-missing-field-initializers -I.   -gline-tables-only -fno-omit-frame-pointer -O0 --coverage -DNDEBUG re2/tostring.cc
afl-clang-lto++ -c -o obj/re2/unicode_casefold.o  -std=c++11 -pthread -Wall -Wextra -Wno-unused-parameter -Wno-missing-field-initializers -I.   -gline-tables-only -fno-omit-frame-pointer -O0 --coverage -DNDEBUG re2/unicode_casefold.cc
afl-clang-lto++ -c -o obj/re2/unicode_groups.o  -std=c++11 -pthread -Wall -Wextra -Wno-unused-parameter -Wno-missing-field-initializers -I.   -gline-tables-only -fno-omit-frame-pointer -O0 --coverage -DNDEBUG re2/unicode_groups.cc
re2/prog.cc:614:7: warning: variable 'total' set but not used [-Wunused-but-set-variable]
  int total = 0;
      ^
1 warning generated.
ar rv obj/libre2.a obj/util/rune.o obj/util/strutil.o obj/re2/bitstate.o obj/re2/compile.o obj/re2/dfa.o obj/re2/filtered_re2.o obj/re2/mimics_pcre.o obj/re2/nfa.o obj/re2/onepass.o obj/re2/parse.o obj/re2/perl_groups.o obj/re2/prefilter.o obj/re2/prefilter_tree.o obj/re2/prog.o obj/re2/re2.o obj/re2/regexp.o obj/re2/set.o obj/re2/simplify.o obj/re2/stringpiece.o obj/re2/tostring.o obj/re2/unicode_casefold.o obj/re2/unicode_groups.o 
ar: creating obj/libre2.a
a - obj/util/rune.o
a - obj/util/strutil.o
a - obj/re2/bitstate.o
a - obj/re2/compile.o
a - obj/re2/dfa.o
a - obj/re2/filtered_re2.o
a - obj/re2/mimics_pcre.o
a - obj/re2/nfa.o
a - obj/re2/onepass.o
a - obj/re2/parse.o
a - obj/re2/perl_groups.o
a - obj/re2/prefilter.o
a - obj/re2/prefilter_tree.o
a - obj/re2/prog.o
a - obj/re2/re2.o
a - obj/re2/regexp.o
a - obj/re2/set.o
a - obj/re2/simplify.o
a - obj/re2/stringpiece.o
a - obj/re2/tostring.o
a - obj/re2/unicode_casefold.o
a - obj/re2/unicode_groups.o



